#
# There is insufficient memory for the Java Runtime Environment to continue.
# Native memory allocation (malloc) failed to allocate 767728 bytes for Chunk::new
# Possible reasons:
#   The system is out of physical RAM or swap space
#   The process is running with CompressedOops enabled, and the Java Heap may be blocking the growth of the native heap
# Possible solutions:
#   Reduce memory load on the system
#   Increase physical memory or swap space
#   Check if swap backing store is full
#   Decrease Java heap size (-Xmx/-Xms)
#   Decrease number of Java threads
#   Decrease Java thread stack sizes (-Xss)
#   Set larger code cache with -XX:ReservedCodeCacheSize=
#   JVM is running with Zero Based Compressed Oops mode in which the Java heap is
#     placed in the first 32GB address space. The Java Heap base address is the
#     maximum limit for the native heap growth. Please use -XX:HeapBaseMinAddress
#     to set the Java Heap base and to place the Java Heap above 32GB virtual address.
# This output file may be truncated or incomplete.
#
#  Out of Memory Error (arena.cpp:189), pid=19072, tid=8672
#
# JRE version: Java(TM) SE Runtime Environment (17.0.12+8) (build 17.0.12+8-LTS-286)
# Java VM: Java HotSpot(TM) 64-Bit Server VM (17.0.12+8-LTS-286, mixed mode, sharing, tiered, compressed oops, compressed class ptrs, g1 gc, windows-amd64)
# No core dump will be written. Minidumps are not enabled by default on client versions of Windows
#

---------------  S U M M A R Y ------------

Command Line: c:\Users\DELL\.vscode\extensions\salesforce.salesforce-vscode-slds-2.0.12\lsp-2.0.12-executable.jar --PORT=59179

Host: Intel(R) Core(TM) i5-8250U CPU @ 1.60GHz, 8 cores, 15G,  Windows 10 , 64 bit Build 19041 (10.0.19041.5915)
Time: Thu Jun 19 13:14:17 2025 India Standard Time elapsed time: 0.929387 seconds (0d 0h 0m 0s)

---------------  T H R E A D  ---------------

Current thread (0x00000224ba6e8630):  JavaThread "C2 CompilerThread2" daemon [_thread_in_native, id=8672, stack(0x0000005c7ed00000,0x0000005c7ee00000)]


Current CompileTask:
C2:    929  973   !   4       java.util.concurrent.ConcurrentHashMap::computeIfAbsent (576 bytes)

Stack: [0x0000005c7ed00000,0x0000005c7ee00000]
Native frames: (J=compiled Java code, j=interpreted, Vv=VM code, C=native code)
V  [jvm.dll+0x67a04a]
V  [jvm.dll+0x7da4ed]
V  [jvm.dll+0x7dbe33]
V  [jvm.dll+0x7dc4a3]
V  [jvm.dll+0x24508f]
V  [jvm.dll+0xab773]
V  [jvm.dll+0xabd3c]
V  [jvm.dll+0x361bee]
V  [jvm.dll+0x1ba45a]
V  [jvm.dll+0x216997]
V  [jvm.dll+0x215c6f]
V  [jvm.dll+0x1a2960]
V  [jvm.dll+0x22610b]
V  [jvm.dll+0x2242ab]
V  [jvm.dll+0x79075c]
V  [jvm.dll+0x78abea]
V  [jvm.dll+0x678f35]
C  [ucrtbase.dll+0x21bb2]
C  [KERNEL32.DLL+0x17374]
C  [ntdll.dll+0x4cc91]


---------------  P R O C E S S  ---------------

Threads class SMR info:
_java_thread_list=0x00000224ba64e580, length=15, elements={
0x00000224975e6340, 0x00000224ba325300, 0x00000224ba328190, 0x00000224ba33e0a0,
0x00000224ba33ea60, 0x00000224ba33f420, 0x00000224ba33fde0, 0x00000224ba340ad0,
0x00000224ba341580, 0x00000224ba345fa0, 0x00000224ba47a470, 0x00000224ba483c80,
0x00000224ba63d6f0, 0x00000224ba7123d0, 0x00000224ba6e8630
}

Java Threads: ( => current thread )
  0x00000224975e6340 JavaThread "main" [_thread_in_native, id=10252, stack(0x0000005c7d800000,0x0000005c7d900000)]
  0x00000224ba325300 JavaThread "Reference Handler" daemon [_thread_blocked, id=22072, stack(0x0000005c7df00000,0x0000005c7e000000)]
  0x00000224ba328190 JavaThread "Finalizer" daemon [_thread_blocked, id=19620, stack(0x0000005c7e000000,0x0000005c7e100000)]
  0x00000224ba33e0a0 JavaThread "Signal Dispatcher" daemon [_thread_blocked, id=15920, stack(0x0000005c7e100000,0x0000005c7e200000)]
  0x00000224ba33ea60 JavaThread "Attach Listener" daemon [_thread_blocked, id=22492, stack(0x0000005c7e200000,0x0000005c7e300000)]
  0x00000224ba33f420 JavaThread "Service Thread" daemon [_thread_blocked, id=10456, stack(0x0000005c7e300000,0x0000005c7e400000)]
  0x00000224ba33fde0 JavaThread "Monitor Deflation Thread" daemon [_thread_blocked, id=1384, stack(0x0000005c7e400000,0x0000005c7e500000)]
  0x00000224ba340ad0 JavaThread "C2 CompilerThread0" daemon [_thread_in_native, id=14480, stack(0x0000005c7e500000,0x0000005c7e600000)]
  0x00000224ba341580 JavaThread "C1 CompilerThread0" daemon [_thread_blocked, id=16668, stack(0x0000005c7e600000,0x0000005c7e700000)]
  0x00000224ba345fa0 JavaThread "Sweeper thread" daemon [_thread_blocked, id=7108, stack(0x0000005c7e700000,0x0000005c7e800000)]
  0x00000224ba47a470 JavaThread "Notification Thread" daemon [_thread_blocked, id=21176, stack(0x0000005c7e800000,0x0000005c7e900000)]
  0x00000224ba483c80 JavaThread "Common-Cleaner" daemon [_thread_blocked, id=12396, stack(0x0000005c7ea00000,0x0000005c7eb00000)]
  0x00000224ba63d6f0 JavaThread "Cleaner-0" daemon [_thread_blocked, id=19936, stack(0x0000005c7eb00000,0x0000005c7ec00000)]
  0x00000224ba7123d0 JavaThread "C2 CompilerThread1" daemon [_thread_in_native, id=12412, stack(0x0000005c7ec00000,0x0000005c7ed00000)]
=>0x00000224ba6e8630 JavaThread "C2 CompilerThread2" daemon [_thread_in_native, id=8672, stack(0x0000005c7ed00000,0x0000005c7ee00000)]

Other Threads:
  0x00000224b9dce610 VMThread "VM Thread" [stack: 0x0000005c7de00000,0x0000005c7df00000] [id=5936]
  0x000002249766b330 WatcherThread [stack: 0x0000005c7e900000,0x0000005c7ea00000] [id=21488]
  0x0000022497651490 GCTaskThread "GC Thread#0" [stack: 0x0000005c7d900000,0x0000005c7da00000] [id=19532]
  0x00000224976621b0 ConcurrentGCThread "G1 Main Marker" [stack: 0x0000005c7da00000,0x0000005c7db00000] [id=16060]
  0x0000022497663360 ConcurrentGCThread "G1 Conc#0" [stack: 0x0000005c7db00000,0x0000005c7dc00000] [id=1568]
  0x00000224b9c97720 ConcurrentGCThread "G1 Refine#0" [stack: 0x0000005c7dc00000,0x0000005c7dd00000] [id=6996]
  0x000002249769d120 ConcurrentGCThread "G1 Service" [stack: 0x0000005c7dd00000,0x0000005c7de00000] [id=1936]

Threads with active compile tasks:
C2 CompilerThread0      966  928   !   4       java.net.URL::<init> (543 bytes)
C1 CompilerThread0      966 1098       3       java.util.WeakHashMap::put (160 bytes)
C2 CompilerThread1      966 1058       4       java.net.URL::equals (27 bytes)
C2 CompilerThread2      966  973   !   4       java.util.concurrent.ConcurrentHashMap::computeIfAbsent (576 bytes)

VM state: not at safepoint (normal execution)

VM Mutex/Monitor currently owned by a thread: None

Heap address: 0x0000000702200000, size: 4062 MB, Compressed Oops mode: Zero based, Oop shift amount: 3

CDS archive(s) mapped at: [0x00000224bb000000-0x00000224bbbd0000-0x00000224bbbd0000), size 12386304, SharedBaseAddress: 0x00000224bb000000, ArchiveRelocationMode: 1.
Compressed class space mapped at: 0x00000224bc000000-0x00000224fc000000, reserved size: 1073741824
Narrow klass base: 0x00000224bb000000, Narrow klass shift: 0, Narrow klass range: 0x100000000

GC Precious Log:
 CPUs: 8 total, 8 available
 Memory: 16242M
 Large Page Support: Disabled
 NUMA Support: Disabled
 Compressed Oops: Enabled (Zero based)
 Heap Region Size: 2M
 Heap Min Capacity: 8M
 Heap Initial Capacity: 254M
 Heap Max Capacity: 4062M
 Pre-touch: Disabled
 Parallel Workers: 8
 Concurrent Workers: 2
 Concurrent Refinement Workers: 8
 Periodic GC: Disabled

Heap:
 garbage-first heap   total 260096K, used 18432K [0x0000000702200000, 0x0000000800000000)
  region size 2048K, 10 young (20480K), 0 survivors (0K)
 Metaspace       used 3068K, committed 3392K, reserved 1114112K
  class space    used 307K, committed 448K, reserved 1048576K

Heap Regions: E=young(eden), S=young(survivor), O=old, HS=humongous(starts), HC=humongous(continues), CS=collection set, F=free, OA=open archive, CA=closed archive, TAMS=top-at-mark-start (previous, next)
|   0|0x0000000702200000, 0x0000000702200000, 0x0000000702400000|  0%| F|  |TAMS 0x0000000702200000, 0x0000000702200000| Untracked 
|   1|0x0000000702400000, 0x0000000702400000, 0x0000000702600000|  0%| F|  |TAMS 0x0000000702400000, 0x0000000702400000| Untracked 
|   2|0x0000000702600000, 0x0000000702600000, 0x0000000702800000|  0%| F|  |TAMS 0x0000000702600000, 0x0000000702600000| Untracked 
|   3|0x0000000702800000, 0x0000000702800000, 0x0000000702a00000|  0%| F|  |TAMS 0x0000000702800000, 0x0000000702800000| Untracked 
|   4|0x0000000702a00000, 0x0000000702a00000, 0x0000000702c00000|  0%| F|  |TAMS 0x0000000702a00000, 0x0000000702a00000| Untracked 
|   5|0x0000000702c00000, 0x0000000702c00000, 0x0000000702e00000|  0%| F|  |TAMS 0x0000000702c00000, 0x0000000702c00000| Untracked 
|   6|0x0000000702e00000, 0x0000000702e00000, 0x0000000703000000|  0%| F|  |TAMS 0x0000000702e00000, 0x0000000702e00000| Untracked 
|   7|0x0000000703000000, 0x0000000703000000, 0x0000000703200000|  0%| F|  |TAMS 0x0000000703000000, 0x0000000703000000| Untracked 
|   8|0x0000000703200000, 0x0000000703200000, 0x0000000703400000|  0%| F|  |TAMS 0x0000000703200000, 0x0000000703200000| Untracked 
|   9|0x0000000703400000, 0x0000000703400000, 0x0000000703600000|  0%| F|  |TAMS 0x0000000703400000, 0x0000000703400000| Untracked 
|  10|0x0000000703600000, 0x0000000703600000, 0x0000000703800000|  0%| F|  |TAMS 0x0000000703600000, 0x0000000703600000| Untracked 
|  11|0x0000000703800000, 0x0000000703800000, 0x0000000703a00000|  0%| F|  |TAMS 0x0000000703800000, 0x0000000703800000| Untracked 
|  12|0x0000000703a00000, 0x0000000703a00000, 0x0000000703c00000|  0%| F|  |TAMS 0x0000000703a00000, 0x0000000703a00000| Untracked 
|  13|0x0000000703c00000, 0x0000000703c00000, 0x0000000703e00000|  0%| F|  |TAMS 0x0000000703c00000, 0x0000000703c00000| Untracked 
|  14|0x0000000703e00000, 0x0000000703e00000, 0x0000000704000000|  0%| F|  |TAMS 0x0000000703e00000, 0x0000000703e00000| Untracked 
|  15|0x0000000704000000, 0x0000000704000000, 0x0000000704200000|  0%| F|  |TAMS 0x0000000704000000, 0x0000000704000000| Untracked 
|  16|0x0000000704200000, 0x0000000704200000, 0x0000000704400000|  0%| F|  |TAMS 0x0000000704200000, 0x0000000704200000| Untracked 
|  17|0x0000000704400000, 0x0000000704400000, 0x0000000704600000|  0%| F|  |TAMS 0x0000000704400000, 0x0000000704400000| Untracked 
|  18|0x0000000704600000, 0x0000000704600000, 0x0000000704800000|  0%| F|  |TAMS 0x0000000704600000, 0x0000000704600000| Untracked 
|  19|0x0000000704800000, 0x0000000704800000, 0x0000000704a00000|  0%| F|  |TAMS 0x0000000704800000, 0x0000000704800000| Untracked 
|  20|0x0000000704a00000, 0x0000000704a00000, 0x0000000704c00000|  0%| F|  |TAMS 0x0000000704a00000, 0x0000000704a00000| Untracked 
|  21|0x0000000704c00000, 0x0000000704c00000, 0x0000000704e00000|  0%| F|  |TAMS 0x0000000704c00000, 0x0000000704c00000| Untracked 
|  22|0x0000000704e00000, 0x0000000704e00000, 0x0000000705000000|  0%| F|  |TAMS 0x0000000704e00000, 0x0000000704e00000| Untracked 
|  23|0x0000000705000000, 0x0000000705000000, 0x0000000705200000|  0%| F|  |TAMS 0x0000000705000000, 0x0000000705000000| Untracked 
|  24|0x0000000705200000, 0x0000000705200000, 0x0000000705400000|  0%| F|  |TAMS 0x0000000705200000, 0x0000000705200000| Untracked 
|  25|0x0000000705400000, 0x0000000705400000, 0x0000000705600000|  0%| F|  |TAMS 0x0000000705400000, 0x0000000705400000| Untracked 
|  26|0x0000000705600000, 0x0000000705600000, 0x0000000705800000|  0%| F|  |TAMS 0x0000000705600000, 0x0000000705600000| Untracked 
|  27|0x0000000705800000, 0x0000000705800000, 0x0000000705a00000|  0%| F|  |TAMS 0x0000000705800000, 0x0000000705800000| Untracked 
|  28|0x0000000705a00000, 0x0000000705a00000, 0x0000000705c00000|  0%| F|  |TAMS 0x0000000705a00000, 0x0000000705a00000| Untracked 
|  29|0x0000000705c00000, 0x0000000705c00000, 0x0000000705e00000|  0%| F|  |TAMS 0x0000000705c00000, 0x0000000705c00000| Untracked 
|  30|0x0000000705e00000, 0x0000000705e00000, 0x0000000706000000|  0%| F|  |TAMS 0x0000000705e00000, 0x0000000705e00000| Untracked 
|  31|0x0000000706000000, 0x0000000706000000, 0x0000000706200000|  0%| F|  |TAMS 0x0000000706000000, 0x0000000706000000| Untracked 
|  32|0x0000000706200000, 0x0000000706200000, 0x0000000706400000|  0%| F|  |TAMS 0x0000000706200000, 0x0000000706200000| Untracked 
|  33|0x0000000706400000, 0x0000000706400000, 0x0000000706600000|  0%| F|  |TAMS 0x0000000706400000, 0x0000000706400000| Untracked 
|  34|0x0000000706600000, 0x0000000706600000, 0x0000000706800000|  0%| F|  |TAMS 0x0000000706600000, 0x0000000706600000| Untracked 
|  35|0x0000000706800000, 0x0000000706800000, 0x0000000706a00000|  0%| F|  |TAMS 0x0000000706800000, 0x0000000706800000| Untracked 
|  36|0x0000000706a00000, 0x0000000706a00000, 0x0000000706c00000|  0%| F|  |TAMS 0x0000000706a00000, 0x0000000706a00000| Untracked 
|  37|0x0000000706c00000, 0x0000000706c00000, 0x0000000706e00000|  0%| F|  |TAMS 0x0000000706c00000, 0x0000000706c00000| Untracked 
|  38|0x0000000706e00000, 0x0000000706e00000, 0x0000000707000000|  0%| F|  |TAMS 0x0000000706e00000, 0x0000000706e00000| Untracked 
|  39|0x0000000707000000, 0x0000000707000000, 0x0000000707200000|  0%| F|  |TAMS 0x0000000707000000, 0x0000000707000000| Untracked 
|  40|0x0000000707200000, 0x0000000707200000, 0x0000000707400000|  0%| F|  |TAMS 0x0000000707200000, 0x0000000707200000| Untracked 
|  41|0x0000000707400000, 0x0000000707400000, 0x0000000707600000|  0%| F|  |TAMS 0x0000000707400000, 0x0000000707400000| Untracked 
|  42|0x0000000707600000, 0x0000000707600000, 0x0000000707800000|  0%| F|  |TAMS 0x0000000707600000, 0x0000000707600000| Untracked 
|  43|0x0000000707800000, 0x0000000707800000, 0x0000000707a00000|  0%| F|  |TAMS 0x0000000707800000, 0x0000000707800000| Untracked 
|  44|0x0000000707a00000, 0x0000000707a00000, 0x0000000707c00000|  0%| F|  |TAMS 0x0000000707a00000, 0x0000000707a00000| Untracked 
|  45|0x0000000707c00000, 0x0000000707c00000, 0x0000000707e00000|  0%| F|  |TAMS 0x0000000707c00000, 0x0000000707c00000| Untracked 
|  46|0x0000000707e00000, 0x0000000707e00000, 0x0000000708000000|  0%| F|  |TAMS 0x0000000707e00000, 0x0000000707e00000| Untracked 
|  47|0x0000000708000000, 0x0000000708000000, 0x0000000708200000|  0%| F|  |TAMS 0x0000000708000000, 0x0000000708000000| Untracked 
|  48|0x0000000708200000, 0x0000000708200000, 0x0000000708400000|  0%| F|  |TAMS 0x0000000708200000, 0x0000000708200000| Untracked 
|  49|0x0000000708400000, 0x0000000708400000, 0x0000000708600000|  0%| F|  |TAMS 0x0000000708400000, 0x0000000708400000| Untracked 
|  50|0x0000000708600000, 0x0000000708600000, 0x0000000708800000|  0%| F|  |TAMS 0x0000000708600000, 0x0000000708600000| Untracked 
|  51|0x0000000708800000, 0x0000000708800000, 0x0000000708a00000|  0%| F|  |TAMS 0x0000000708800000, 0x0000000708800000| Untracked 
|  52|0x0000000708a00000, 0x0000000708a00000, 0x0000000708c00000|  0%| F|  |TAMS 0x0000000708a00000, 0x0000000708a00000| Untracked 
|  53|0x0000000708c00000, 0x0000000708c00000, 0x0000000708e00000|  0%| F|  |TAMS 0x0000000708c00000, 0x0000000708c00000| Untracked 
|  54|0x0000000708e00000, 0x0000000708e00000, 0x0000000709000000|  0%| F|  |TAMS 0x0000000708e00000, 0x0000000708e00000| Untracked 
|  55|0x0000000709000000, 0x0000000709000000, 0x0000000709200000|  0%| F|  |TAMS 0x0000000709000000, 0x0000000709000000| Untracked 
|  56|0x0000000709200000, 0x0000000709200000, 0x0000000709400000|  0%| F|  |TAMS 0x0000000709200000, 0x0000000709200000| Untracked 
|  57|0x0000000709400000, 0x0000000709400000, 0x0000000709600000|  0%| F|  |TAMS 0x0000000709400000, 0x0000000709400000| Untracked 
|  58|0x0000000709600000, 0x0000000709600000, 0x0000000709800000|  0%| F|  |TAMS 0x0000000709600000, 0x0000000709600000| Untracked 
|  59|0x0000000709800000, 0x0000000709800000, 0x0000000709a00000|  0%| F|  |TAMS 0x0000000709800000, 0x0000000709800000| Untracked 
|  60|0x0000000709a00000, 0x0000000709a00000, 0x0000000709c00000|  0%| F|  |TAMS 0x0000000709a00000, 0x0000000709a00000| Untracked 
|  61|0x0000000709c00000, 0x0000000709c00000, 0x0000000709e00000|  0%| F|  |TAMS 0x0000000709c00000, 0x0000000709c00000| Untracked 
|  62|0x0000000709e00000, 0x0000000709e00000, 0x000000070a000000|  0%| F|  |TAMS 0x0000000709e00000, 0x0000000709e00000| Untracked 
|  63|0x000000070a000000, 0x000000070a000000, 0x000000070a200000|  0%| F|  |TAMS 0x000000070a000000, 0x000000070a000000| Untracked 
|  64|0x000000070a200000, 0x000000070a200000, 0x000000070a400000|  0%| F|  |TAMS 0x000000070a200000, 0x000000070a200000| Untracked 
|  65|0x000000070a400000, 0x000000070a400000, 0x000000070a600000|  0%| F|  |TAMS 0x000000070a400000, 0x000000070a400000| Untracked 
|  66|0x000000070a600000, 0x000000070a600000, 0x000000070a800000|  0%| F|  |TAMS 0x000000070a600000, 0x000000070a600000| Untracked 
|  67|0x000000070a800000, 0x000000070a800000, 0x000000070aa00000|  0%| F|  |TAMS 0x000000070a800000, 0x000000070a800000| Untracked 
|  68|0x000000070aa00000, 0x000000070aa00000, 0x000000070ac00000|  0%| F|  |TAMS 0x000000070aa00000, 0x000000070aa00000| Untracked 
|  69|0x000000070ac00000, 0x000000070ac00000, 0x000000070ae00000|  0%| F|  |TAMS 0x000000070ac00000, 0x000000070ac00000| Untracked 
|  70|0x000000070ae00000, 0x000000070ae00000, 0x000000070b000000|  0%| F|  |TAMS 0x000000070ae00000, 0x000000070ae00000| Untracked 
|  71|0x000000070b000000, 0x000000070b000000, 0x000000070b200000|  0%| F|  |TAMS 0x000000070b000000, 0x000000070b000000| Untracked 
|  72|0x000000070b200000, 0x000000070b200000, 0x000000070b400000|  0%| F|  |TAMS 0x000000070b200000, 0x000000070b200000| Untracked 
|  73|0x000000070b400000, 0x000000070b400000, 0x000000070b600000|  0%| F|  |TAMS 0x000000070b400000, 0x000000070b400000| Untracked 
|  74|0x000000070b600000, 0x000000070b600000, 0x000000070b800000|  0%| F|  |TAMS 0x000000070b600000, 0x000000070b600000| Untracked 
|  75|0x000000070b800000, 0x000000070b800000, 0x000000070ba00000|  0%| F|  |TAMS 0x000000070b800000, 0x000000070b800000| Untracked 
|  76|0x000000070ba00000, 0x000000070ba00000, 0x000000070bc00000|  0%| F|  |TAMS 0x000000070ba00000, 0x000000070ba00000| Untracked 
|  77|0x000000070bc00000, 0x000000070bc00000, 0x000000070be00000|  0%| F|  |TAMS 0x000000070bc00000, 0x000000070bc00000| Untracked 
|  78|0x000000070be00000, 0x000000070be00000, 0x000000070c000000|  0%| F|  |TAMS 0x000000070be00000, 0x000000070be00000| Untracked 
|  79|0x000000070c000000, 0x000000070c000000, 0x000000070c200000|  0%| F|  |TAMS 0x000000070c000000, 0x000000070c000000| Untracked 
|  80|0x000000070c200000, 0x000000070c200000, 0x000000070c400000|  0%| F|  |TAMS 0x000000070c200000, 0x000000070c200000| Untracked 
|  81|0x000000070c400000, 0x000000070c400000, 0x000000070c600000|  0%| F|  |TAMS 0x000000070c400000, 0x000000070c400000| Untracked 
|  82|0x000000070c600000, 0x000000070c600000, 0x000000070c800000|  0%| F|  |TAMS 0x000000070c600000, 0x000000070c600000| Untracked 
|  83|0x000000070c800000, 0x000000070c800000, 0x000000070ca00000|  0%| F|  |TAMS 0x000000070c800000, 0x000000070c800000| Untracked 
|  84|0x000000070ca00000, 0x000000070ca00000, 0x000000070cc00000|  0%| F|  |TAMS 0x000000070ca00000, 0x000000070ca00000| Untracked 
|  85|0x000000070cc00000, 0x000000070cc00000, 0x000000070ce00000|  0%| F|  |TAMS 0x000000070cc00000, 0x000000070cc00000| Untracked 
|  86|0x000000070ce00000, 0x000000070ce00000, 0x000000070d000000|  0%| F|  |TAMS 0x000000070ce00000, 0x000000070ce00000| Untracked 
|  87|0x000000070d000000, 0x000000070d000000, 0x000000070d200000|  0%| F|  |TAMS 0x000000070d000000, 0x000000070d000000| Untracked 
|  88|0x000000070d200000, 0x000000070d200000, 0x000000070d400000|  0%| F|  |TAMS 0x000000070d200000, 0x000000070d200000| Untracked 
|  89|0x000000070d400000, 0x000000070d400000, 0x000000070d600000|  0%| F|  |TAMS 0x000000070d400000, 0x000000070d400000| Untracked 
|  90|0x000000070d600000, 0x000000070d600000, 0x000000070d800000|  0%| F|  |TAMS 0x000000070d600000, 0x000000070d600000| Untracked 
|  91|0x000000070d800000, 0x000000070d800000, 0x000000070da00000|  0%| F|  |TAMS 0x000000070d800000, 0x000000070d800000| Untracked 
|  92|0x000000070da00000, 0x000000070da00000, 0x000000070dc00000|  0%| F|  |TAMS 0x000000070da00000, 0x000000070da00000| Untracked 
|  93|0x000000070dc00000, 0x000000070dc00000, 0x000000070de00000|  0%| F|  |TAMS 0x000000070dc00000, 0x000000070dc00000| Untracked 
|  94|0x000000070de00000, 0x000000070de00000, 0x000000070e000000|  0%| F|  |TAMS 0x000000070de00000, 0x000000070de00000| Untracked 
|  95|0x000000070e000000, 0x000000070e000000, 0x000000070e200000|  0%| F|  |TAMS 0x000000070e000000, 0x000000070e000000| Untracked 
|  96|0x000000070e200000, 0x000000070e200000, 0x000000070e400000|  0%| F|  |TAMS 0x000000070e200000, 0x000000070e200000| Untracked 
|  97|0x000000070e400000, 0x000000070e400000, 0x000000070e600000|  0%| F|  |TAMS 0x000000070e400000, 0x000000070e400000| Untracked 
|  98|0x000000070e600000, 0x000000070e600000, 0x000000070e800000|  0%| F|  |TAMS 0x000000070e600000, 0x000000070e600000| Untracked 
|  99|0x000000070e800000, 0x000000070e800000, 0x000000070ea00000|  0%| F|  |TAMS 0x000000070e800000, 0x000000070e800000| Untracked 
| 100|0x000000070ea00000, 0x000000070ea00000, 0x000000070ec00000|  0%| F|  |TAMS 0x000000070ea00000, 0x000000070ea00000| Untracked 
| 101|0x000000070ec00000, 0x000000070ec00000, 0x000000070ee00000|  0%| F|  |TAMS 0x000000070ec00000, 0x000000070ec00000| Untracked 
| 102|0x000000070ee00000, 0x000000070ee00000, 0x000000070f000000|  0%| F|  |TAMS 0x000000070ee00000, 0x000000070ee00000| Untracked 
| 103|0x000000070f000000, 0x000000070f000000, 0x000000070f200000|  0%| F|  |TAMS 0x000000070f000000, 0x000000070f000000| Untracked 
| 104|0x000000070f200000, 0x000000070f200000, 0x000000070f400000|  0%| F|  |TAMS 0x000000070f200000, 0x000000070f200000| Untracked 
| 105|0x000000070f400000, 0x000000070f400000, 0x000000070f600000|  0%| F|  |TAMS 0x000000070f400000, 0x000000070f400000| Untracked 
| 106|0x000000070f600000, 0x000000070f600000, 0x000000070f800000|  0%| F|  |TAMS 0x000000070f600000, 0x000000070f600000| Untracked 
| 107|0x000000070f800000, 0x000000070f800000, 0x000000070fa00000|  0%| F|  |TAMS 0x000000070f800000, 0x000000070f800000| Untracked 
| 108|0x000000070fa00000, 0x000000070fa00000, 0x000000070fc00000|  0%| F|  |TAMS 0x000000070fa00000, 0x000000070fa00000| Untracked 
| 109|0x000000070fc00000, 0x000000070fc00000, 0x000000070fe00000|  0%| F|  |TAMS 0x000000070fc00000, 0x000000070fc00000| Untracked 
| 110|0x000000070fe00000, 0x000000070fe00000, 0x0000000710000000|  0%| F|  |TAMS 0x000000070fe00000, 0x000000070fe00000| Untracked 
| 111|0x0000000710000000, 0x0000000710000000, 0x0000000710200000|  0%| F|  |TAMS 0x0000000710000000, 0x0000000710000000| Untracked 
| 112|0x0000000710200000, 0x0000000710200000, 0x0000000710400000|  0%| F|  |TAMS 0x0000000710200000, 0x0000000710200000| Untracked 
| 113|0x0000000710400000, 0x0000000710400000, 0x0000000710600000|  0%| F|  |TAMS 0x0000000710400000, 0x0000000710400000| Untracked 
| 114|0x0000000710600000, 0x0000000710600000, 0x0000000710800000|  0%| F|  |TAMS 0x0000000710600000, 0x0000000710600000| Untracked 
| 115|0x0000000710800000, 0x0000000710800000, 0x0000000710a00000|  0%| F|  |TAMS 0x0000000710800000, 0x0000000710800000| Untracked 
| 116|0x0000000710a00000, 0x0000000710a00000, 0x0000000710c00000|  0%| F|  |TAMS 0x0000000710a00000, 0x0000000710a00000| Untracked 
| 117|0x0000000710c00000, 0x0000000710dcbde0, 0x0000000710e00000| 89%| E|  |TAMS 0x0000000710c00000, 0x0000000710c00000| Complete 
| 118|0x0000000710e00000, 0x0000000711000000, 0x0000000711000000|100%| E|CS|TAMS 0x0000000710e00000, 0x0000000710e00000| Complete 
| 119|0x0000000711000000, 0x0000000711200000, 0x0000000711200000|100%| E|CS|TAMS 0x0000000711000000, 0x0000000711000000| Complete 
| 120|0x0000000711200000, 0x0000000711400000, 0x0000000711400000|100%| E|CS|TAMS 0x0000000711200000, 0x0000000711200000| Complete 
| 121|0x0000000711400000, 0x0000000711600000, 0x0000000711600000|100%| E|CS|TAMS 0x0000000711400000, 0x0000000711400000| Complete 
| 122|0x0000000711600000, 0x0000000711800000, 0x0000000711800000|100%| E|CS|TAMS 0x0000000711600000, 0x0000000711600000| Complete 
| 123|0x0000000711800000, 0x0000000711a00000, 0x0000000711a00000|100%| E|CS|TAMS 0x0000000711800000, 0x0000000711800000| Complete 
| 124|0x0000000711a00000, 0x0000000711c00000, 0x0000000711c00000|100%| E|CS|TAMS 0x0000000711a00000, 0x0000000711a00000| Complete 
| 125|0x0000000711c00000, 0x0000000711e00000, 0x0000000711e00000|100%| E|CS|TAMS 0x0000000711c00000, 0x0000000711c00000| Complete 
| 126|0x0000000711e00000, 0x0000000712000000, 0x0000000712000000|100%| E|CS|TAMS 0x0000000711e00000, 0x0000000711e00000| Complete 

Card table byte_map: [0x00000224ae9c0000,0x00000224af1b0000] _byte_map_base: 0x00000224ab1af000

Marking Bits (Prev, Next): (CMBitMap*) 0x0000022497651ab0, (CMBitMap*) 0x0000022497651af0
 Prev Bits: [0x00000224af9a0000, 0x00000224b3918000)
 Next Bits: [0x00000224b3920000, 0x00000224b7898000)

Polling page: 0x0000022496db0000

Metaspace:

Usage:
  Non-class:      2.71 MB used.
      Class:    308.70 KB used.
       Both:      3.01 MB used.

Virtual space:
  Non-class space:       64.00 MB reserved,       2.88 MB (  4%) committed,  1 nodes.
      Class space:        1.00 GB reserved,     448.00 KB ( <1%) committed,  1 nodes.
             Both:        1.06 GB reserved,       3.31 MB ( <1%) committed. 

Chunk freelists:
   Non-Class:  10.80 MB
       Class:  15.53 MB
        Both:  26.33 MB

MaxMetaspaceSize: unlimited
CompressedClassSpaceSize: 1.00 GB
Initial GC threshold: 21.00 MB
Current GC threshold: 21.00 MB
CDS: on
MetaspaceReclaimPolicy: balanced
 - commit_granule_bytes: 65536.
 - commit_granule_words: 8192.
 - virtual_space_node_default_size: 8388608.
 - enlarge_chunks_in_place: 1.
 - new_chunks_are_fully_committed: 0.
 - uncommit_free_chunks: 1.
 - use_allocation_guard: 0.
 - handle_deallocations: 1.


Internal statistics:

num_allocs_failed_limit: 0.
num_arena_births: 180.
num_arena_deaths: 0.
num_vsnodes_births: 2.
num_vsnodes_deaths: 0.
num_space_committed: 53.
num_space_uncommitted: 0.
num_chunks_returned_to_freelist: 0.
num_chunks_taken_from_freelist: 279.
num_chunk_merges: 0.
num_chunk_splits: 171.
num_chunks_enlarged: 97.
num_inconsistent_stats: 0.

CodeHeap 'non-profiled nmethods': size=120000Kb used=432Kb max_used=432Kb free=119567Kb
 bounds [0x00000224a6970000, 0x00000224a6be0000, 0x00000224adea0000]
CodeHeap 'profiled nmethods': size=120000Kb used=1826Kb max_used=1826Kb free=118173Kb
 bounds [0x000002249eea0000, 0x000002249f110000, 0x00000224a63d0000]
CodeHeap 'non-nmethods': size=5760Kb used=1128Kb max_used=1162Kb free=4631Kb
 bounds [0x00000224a63d0000, 0x00000224a6640000, 0x00000224a6970000]
 total_blobs=1517 nmethods=1104 adapters=326
 compilation: enabled
              stopped_count=0, restarted_count=0
 full_count=0

Compilation events (20 events):
Event: 0.920 Thread 0x00000224ba341580 nmethod 1046 0x000002249f04ad10 code [0x000002249f04b380, 0x000002249f04da58]
Event: 0.920 Thread 0x00000224ba341580 1039       3       java.lang.String::<init> (74 bytes)
Event: 0.920 Thread 0x00000224ba341580 nmethod 1039 0x000002249f04ea90 code [0x000002249f04ec60, 0x000002249f04f078]
Event: 0.920 Thread 0x00000224ba341580 1040       3       java.lang.StringUTF16::compress (20 bytes)
Event: 0.920 Thread 0x00000224ba341580 nmethod 1040 0x000002249f04f190 code [0x000002249f04f340, 0x000002249f04f588]
Event: 0.920 Thread 0x00000224ba341580 1042       3       java.lang.String::<init> (14 bytes)
Event: 0.921 Thread 0x00000224ba341580 nmethod 1042 0x000002249f04f690 code [0x000002249f04f840, 0x000002249f04fa58]
Event: 0.921 Thread 0x00000224ba341580 1043       3       java.lang.String::rangeCheck (9 bytes)
Event: 0.921 Thread 0x00000224ba341580 nmethod 1043 0x000002249f04fb90 code [0x000002249f04fd40, 0x000002249f04fe68]
Event: 0.922 Thread 0x00000224ba7123d0 nmethod 1037 0x00000224a69d6a10 code [0x00000224a69d6ba0, 0x00000224a69d6ed8]
Event: 0.922 Thread 0x00000224ba7123d0 1044       4       java.io.StreamTokenizer::read (38 bytes)
Event: 0.923 Thread 0x00000224ba341580 1047       3       sun.net.util.URLUtil::urlNoFragString (114 bytes)
Event: 0.924 Thread 0x00000224ba341580 nmethod 1047 0x000002249f04ff10 code [0x000002249f050240, 0x000002249f0512c8]
Event: 0.924 Thread 0x00000224ba341580 1049       3       java.net.URI::match (56 bytes)
Event: 0.924 Thread 0x00000224ba341580 nmethod 1049 0x000002249f051890 code [0x000002249f051a40, 0x000002249f051d38]
Event: 0.924 Thread 0x00000224ba341580 1048       3       java.io.WinNTFileSystem::isSlash (18 bytes)
Event: 0.924 Thread 0x00000224ba341580 nmethod 1048 0x000002249f051e10 code [0x000002249f051fa0, 0x000002249f052138]
Event: 0.926 Thread 0x00000224ba7123d0 nmethod 1044 0x00000224a69d7190 code [0x00000224a69d7320, 0x00000224a69d77e8]
Event: 0.926 Thread 0x00000224ba7123d0 1045   !   4       java.io.BufferedReader::read (104 bytes)
Event: 0.927 Thread 0x00000224ba341580 1050       3       java.net.URLStreamHandler::sameFile (136 bytes)

GC Heap History (0 events):
No events

Deoptimization events (20 events):
Event: 0.920 Thread 0x00000224975e6340 Uncommon trap: trap_request=0xffffff6e fr.pc=0x00000224a69be688 relative=0x0000000000000188
Event: 0.920 Thread 0x00000224975e6340 Uncommon trap: reason=loop_limit_check action=maybe_recompile pc=0x00000224a69be688 method=java.lang.StringLatin1.lastIndexOf([BII)I @ 19 c2
Event: 0.920 Thread 0x00000224975e6340 DEOPT PACKING pc=0x00000224a69be688 sp=0x0000005c7d8fc560
Event: 0.920 Thread 0x00000224975e6340 DEOPT UNPACKING pc=0x00000224a64223a3 sp=0x0000005c7d8fc4e0 mode 2
Event: 0.923 Thread 0x00000224975e6340 Uncommon trap: trap_request=0xffffff45 fr.pc=0x00000224a69839cc relative=0x000000000000004c
Event: 0.923 Thread 0x00000224975e6340 Uncommon trap: reason=unstable_if action=reinterpret pc=0x00000224a69839cc method=java.net.URI.match(CJJ)Z @ 19 c2
Event: 0.923 Thread 0x00000224975e6340 DEOPT PACKING pc=0x00000224a69839cc sp=0x0000005c7d8fc4a0
Event: 0.923 Thread 0x00000224975e6340 DEOPT UNPACKING pc=0x00000224a64223a3 sp=0x0000005c7d8fc450 mode 2
Event: 0.924 Thread 0x00000224975e6340 Uncommon trap: trap_request=0xffffffde fr.pc=0x00000224a69d0ac0 relative=0x00000000000010c0
Event: 0.924 Thread 0x00000224975e6340 Uncommon trap: reason=class_check action=maybe_recompile pc=0x00000224a69d0ac0 method=java.net.URL.hashCode()I @ 19 c2
Event: 0.924 Thread 0x00000224975e6340 DEOPT PACKING pc=0x00000224a69d0ac0 sp=0x0000005c7d8fc600
Event: 0.924 Thread 0x00000224975e6340 DEOPT UNPACKING pc=0x00000224a64223a3 sp=0x0000005c7d8fc608 mode 2
Event: 0.926 Thread 0x00000224975e6340 Uncommon trap: trap_request=0xffffffde fr.pc=0x00000224a69d0ac0 relative=0x00000000000010c0
Event: 0.926 Thread 0x00000224975e6340 Uncommon trap: reason=class_check action=maybe_recompile pc=0x00000224a69d0ac0 method=java.net.URL.hashCode()I @ 19 c2
Event: 0.926 Thread 0x00000224975e6340 DEOPT PACKING pc=0x00000224a69d0ac0 sp=0x0000005c7d8fc600
Event: 0.926 Thread 0x00000224975e6340 DEOPT UNPACKING pc=0x00000224a64223a3 sp=0x0000005c7d8fc608 mode 2
Event: 0.927 Thread 0x00000224975e6340 Uncommon trap: trap_request=0xffffff45 fr.pc=0x00000224a69d2f08 relative=0x0000000000000728
Event: 0.927 Thread 0x00000224975e6340 Uncommon trap: reason=unstable_if action=reinterpret pc=0x00000224a69d2f08 method=java.lang.String.equalsIgnoreCase(Ljava/lang/String;)Z @ 36 c2
Event: 0.927 Thread 0x00000224975e6340 DEOPT PACKING pc=0x00000224a69d2f08 sp=0x0000005c7d8fc6c0
Event: 0.927 Thread 0x00000224975e6340 DEOPT UNPACKING pc=0x00000224a64223a3 sp=0x0000005c7d8fc610 mode 2

Classes unloaded (0 events):
No events

Classes redefined (0 events):
No events

Internal exceptions (20 events):
Event: 0.265 Thread 0x00000224975e6340 Exception <a 'java/lang/NoSuchMethodError'{0x0000000711d48898}: 'java.lang.Object java.lang.invoke.DirectMethodHandle$Holder.invokeSpecial(java.lang.Object, java.lang.Object, java.lang.Object, java.lang.Object, java.lang.Object, java.lang.Object, java.lang.Object, java.lang.Object, java.lang.Object)'> (0x0000000711d48898) 
thrown [s\open\src\hotspot\share\interpreter\linkResolver.cpp, line 759]
Event: 0.266 Thread 0x00000224975e6340 Exception <a 'java/lang/NoSuchMethodError'{0x0000000711d4d538}: 'java.lang.Object java.lang.invoke.Invokers$Holder.invoke_MT(java.lang.Object, java.lang.Object, java.lang.Object, java.lang.Object, java.lang.Object, java.lang.Object, java.lang.Object, java.lang.Object, java.lang.Object)'> (0x0000000711d4d538) 
thrown [s\open\src\hotspot\share\interpreter\linkResolver.cpp, line 759]
Event: 0.271 Thread 0x00000224975e6340 Exception <a 'java/lang/NoSuchMethodError'{0x0000000711d53bc0}: 'java.lang.Object java.lang.invoke.DirectMethodHandle$Holder.invokeStatic(java.lang.Object, java.lang.Object, int)'> (0x0000000711d53bc0) 
thrown [s\open\src\hotspot\share\interpreter\linkResolver.cpp, line 759]
Event: 0.278 Thread 0x00000224975e6340 Exception <a 'java/lang/NoSuchMethodError'{0x0000000711d6a418}: 'void java.lang.invoke.DelegatingMethodHandle$Holder.delegate(java.lang.Object, java.lang.Object, int, java.lang.Object)'> (0x0000000711d6a418) 
thrown [s\open\src\hotspot\share\interpreter\linkResolver.cpp, line 759]
Event: 0.285 Thread 0x00000224975e6340 Exception <a 'java/lang/NoSuchMethodError'{0x0000000711d8ab00}: 'int java.lang.invoke.DirectMethodHandle$Holder.invokeVirtual(java.lang.Object, java.lang.Object)'> (0x0000000711d8ab00) 
thrown [s\open\src\hotspot\share\interpreter\linkResolver.cpp, line 759]
Event: 0.287 Thread 0x00000224975e6340 Exception <a 'java/lang/NoSuchMethodError'{0x0000000711d8f278}: 'int java.lang.invoke.DirectMethodHandle$Holder.invokeStaticInit(java.lang.Object, java.lang.Object, java.lang.Object)'> (0x0000000711d8f278) 
thrown [s\open\src\hotspot\share\interpreter\linkResolver.cpp, line 759]
Event: 0.287 Thread 0x00000224975e6340 Exception <a 'java/lang/NoSuchMethodError'{0x0000000711d93270}: 'int java.lang.invoke.DirectMethodHandle$Holder.invokeStaticInit(java.lang.Object, int, int)'> (0x0000000711d93270) 
thrown [s\open\src\hotspot\share\interpreter\linkResolver.cpp, line 759]
Event: 0.289 Thread 0x00000224975e6340 Exception <a 'java/lang/NoSuchMethodError'{0x0000000711d9abe0}: 'int java.lang.invoke.DirectMethodHandle$Holder.invokeStaticInit(java.lang.Object, long, long)'> (0x0000000711d9abe0) 
thrown [s\open\src\hotspot\share\interpreter\linkResolver.cpp, line 759]
Event: 0.291 Thread 0x00000224975e6340 Exception <a 'java/lang/NoSuchMethodError'{0x0000000711da1a30}: 'int java.lang.invoke.DirectMethodHandle$Holder.invokeStaticInit(java.lang.Object, float, float)'> (0x0000000711da1a30) 
thrown [s\open\src\hotspot\share\interpreter\linkResolver.cpp, line 759]
Event: 0.293 Thread 0x00000224975e6340 Exception <a 'java/lang/NoSuchMethodError'{0x0000000711da8888}: 'int java.lang.invoke.DirectMethodHandle$Holder.invokeStaticInit(java.lang.Object, double, double)'> (0x0000000711da8888) 
thrown [s\open\src\hotspot\share\interpreter\linkResolver.cpp, line 759]
Event: 0.293 Thread 0x00000224975e6340 Exception <a 'java/lang/NoSuchMethodError'{0x0000000711dad3a0}: 'int java.lang.invoke.DirectMethodHandle$Holder.invokeStatic(java.lang.Object, long)'> (0x0000000711dad3a0) 
thrown [s\open\src\hotspot\share\interpreter\linkResolver.cpp, line 759]
Event: 0.303 Thread 0x00000224975e6340 Exception <a 'java/lang/NoSuchMethodError'{0x0000000711dd1c48}: 'int java.lang.invoke.Invokers$Holder.linkToTargetMethod(java.lang.Object, java.lang.Object)'> (0x0000000711dd1c48) 
thrown [s\open\src\hotspot\share\interpreter\linkResolver.cpp, line 759]
Event: 0.355 Thread 0x00000224975e6340 Exception <a 'java/lang/NoSuchMethodError'{0x0000000711a59b28}: 'java.lang.Object java.lang.invoke.DirectMethodHandle$Holder.invokeSpecial(java.lang.Object, java.lang.Object, int, java.lang.Object, java.lang.Object)'> (0x0000000711a59b28) 
thrown [s\open\src\hotspot\share\interpreter\linkResolver.cpp, line 759]
Event: 0.356 Thread 0x00000224975e6340 Exception <a 'java/lang/NoSuchMethodError'{0x0000000711a5d718}: 'java.lang.Object java.lang.invoke.DelegatingMethodHandle$Holder.delegate(java.lang.Object, int, java.lang.Object, java.lang.Object)'> (0x0000000711a5d718) 
thrown [s\open\src\hotspot\share\interpreter\linkResolver.cpp, line 759]
Event: 0.360 Thread 0x00000224975e6340 Exception <a 'java/lang/NoSuchMethodError'{0x0000000711a6e378}: 'int java.lang.invoke.Invokers$Holder.linkToTargetMethod(java.lang.Object, java.lang.Object, java.lang.Object)'> (0x0000000711a6e378) 
thrown [s\open\src\hotspot\share\interpreter\linkResolver.cpp, line 759]
Event: 0.370 Thread 0x00000224975e6340 Exception <a 'java/lang/NoSuchMethodError'{0x0000000711a95ab8}: 'void java.lang.invoke.DirectMethodHandle$Holder.invokeSpecial(java.lang.Object, java.lang.Object, java.lang.Object, java.lang.Object, java.lang.Object)'> (0x0000000711a95ab8) 
thrown [s\open\src\hotspot\share\interpreter\linkResolver.cpp, line 759]
Event: 0.400 Thread 0x00000224975e6340 Exception <a 'java/lang/NoSuchMethodError'{0x0000000711af37e0}: 'java.lang.Object java.lang.invoke.DirectMethodHandle$Holder.invokeStaticInit(java.lang.Object, int)'> (0x0000000711af37e0) 
thrown [s\open\src\hotspot\share\interpreter\linkResolver.cpp, line 759]
Event: 0.824 Thread 0x00000224975e6340 Exception <a 'java/lang/NoSuchMethodError'{0x0000000710ecbf38}: 'void java.lang.invoke.DirectMethodHandle$Holder.invokeVirtual(java.lang.Object, java.lang.Object)'> (0x0000000710ecbf38) 
thrown [s\open\src\hotspot\share\interpreter\linkResolver.cpp, line 759]
Event: 0.922 Thread 0x00000224975e6340 Exception <a 'java/lang/ClassNotFoundException'{0x0000000710c83250}: javax/smartcardio/CardPermission> (0x0000000710c83250) 
thrown [s\open\src\hotspot\share\classfile\systemDictionary.cpp, line 256]
Event: 0.926 Thread 0x00000224975e6340 Exception <a 'java/io/FileNotFoundException'{0x0000000710c91728}> (0x0000000710c91728) 
thrown [s\open\src\hotspot\share\prims\jni.cpp, line 516]

VM Operations (8 events):
Event: 0.099 Executing VM operation: HandshakeAllThreads
Event: 0.099 Executing VM operation: HandshakeAllThreads done
Event: 0.234 Executing VM operation: HandshakeAllThreads
Event: 0.234 Executing VM operation: HandshakeAllThreads done
Event: 0.814 Executing VM operation: HandshakeAllThreads
Event: 0.814 Executing VM operation: HandshakeAllThreads done
Event: 0.916 Executing VM operation: ICBufferFull
Event: 0.916 Executing VM operation: ICBufferFull done

Events (20 events):
Event: 0.921 loading class java/net/URLPermission
Event: 0.921 loading class java/net/URLPermission done
Event: 0.921 loading class java/net/URLPermission$Authority
Event: 0.921 loading class java/net/URLPermission$Authority done
Event: 0.921 loading class java/net/HostPortrange
Event: 0.921 loading class java/net/HostPortrange done
Event: 0.921 loading class java/util/ComparableTimSort
Event: 0.921 loading class java/util/ComparableTimSort done
Event: 0.923 loading class sun/security/provider/PolicyFile$4
Event: 0.923 loading class sun/security/provider/PolicyFile$4 done
Event: 0.924 loading class sun/security/util/PolicyUtil
Event: 0.924 loading class sun/security/util/PolicyUtil done
Event: 0.926 loading class sun/security/provider/PolicyParser$ParsingException
Event: 0.926 loading class java/security/GeneralSecurityException
Event: 0.926 loading class java/security/GeneralSecurityException done
Event: 0.926 loading class sun/security/provider/PolicyParser$ParsingException done
Event: 0.927 loading class sun/security/provider/PolicyFile$6
Event: 0.927 loading class sun/security/provider/PolicyFile$6 done
Event: 0.927 loading class sun/security/provider/PolicyFile$8
Event: 0.927 loading class sun/security/provider/PolicyFile$8 done


Dynamic libraries:
0x00007ff72c7a0000 - 0x00007ff72c7b0000 	C:\Program Files\Java\jdk-17\bin\java.exe
0x00007ffc3df50000 - 0x00007ffc3e148000 	C:\Windows\SYSTEM32\ntdll.dll
0x00007ffc3bfd0000 - 0x00007ffc3c092000 	C:\Windows\System32\KERNEL32.DLL
0x00007ffc3b9b0000 - 0x00007ffc3bca6000 	C:\Windows\System32\KERNELBASE.dll
0x00007ffc345e0000 - 0x00007ffc34674000 	C:\Windows\SYSTEM32\apphelp.dll
0x00007ffc3bcb0000 - 0x00007ffc3bdb0000 	C:\Windows\System32\ucrtbase.dll
0x00007ffc30660000 - 0x00007ffc3067b000 	C:\Program Files\Java\jdk-17\bin\VCRUNTIME140.dll
0x00007ffc31c20000 - 0x00007ffc31c39000 	C:\Program Files\Java\jdk-17\bin\jli.dll
0x00007ffc3dab0000 - 0x00007ffc3db61000 	C:\Windows\System32\ADVAPI32.dll
0x00007ffc3d610000 - 0x00007ffc3d6ae000 	C:\Windows\System32\msvcrt.dll
0x00007ffc3c240000 - 0x00007ffc3c2df000 	C:\Windows\System32\sechost.dll
0x00007ffc3cc40000 - 0x00007ffc3cd63000 	C:\Windows\System32\RPCRT4.dll
0x00007ffc3b810000 - 0x00007ffc3b837000 	C:\Windows\System32\bcrypt.dll
0x00007ffc3c0a0000 - 0x00007ffc3c23d000 	C:\Windows\System32\USER32.dll
0x00007ffc3b8f0000 - 0x00007ffc3b912000 	C:\Windows\System32\win32u.dll
0x00007ffc3dee0000 - 0x00007ffc3df0b000 	C:\Windows\System32\GDI32.dll
0x00007ffc3be50000 - 0x00007ffc3bf69000 	C:\Windows\System32\gdi32full.dll
0x00007ffc3bdb0000 - 0x00007ffc3be4d000 	C:\Windows\System32\msvcp_win.dll
0x00007ffc2e0b0000 - 0x00007ffc2e0ba000 	C:\Windows\SYSTEM32\VERSION.dll
0x00007ffc26a20000 - 0x00007ffc26cba000 	C:\Windows\WinSxS\amd64_microsoft.windows.common-controls_6595b64144ccf1df_6.0.19041.5915_none_60b4b9d171f9c7c7\COMCTL32.dll
0x00007ffc3da10000 - 0x00007ffc3da3f000 	C:\Windows\System32\IMM32.DLL
0x00007ffc341b0000 - 0x00007ffc341bc000 	C:\Program Files\Java\jdk-17\bin\vcruntime140_1.dll
0x00007ffc18710000 - 0x00007ffc1879e000 	C:\Program Files\Java\jdk-17\bin\msvcp140.dll
0x00007ffbf8640000 - 0x00007ffbf9220000 	C:\Program Files\Java\jdk-17\bin\server\jvm.dll
0x00007ffc3daa0000 - 0x00007ffc3daa8000 	C:\Windows\System32\PSAPI.DLL
0x00007ffc34090000 - 0x00007ffc34099000 	C:\Windows\SYSTEM32\WSOCK32.dll
0x00007ffc3dc90000 - 0x00007ffc3dcfb000 	C:\Windows\System32\WS2_32.dll
0x00007ffc27550000 - 0x00007ffc27577000 	C:\Windows\SYSTEM32\WINMM.dll
0x00007ffc39e10000 - 0x00007ffc39e22000 	C:\Windows\SYSTEM32\kernel.appcore.dll
0x00007ffc33d90000 - 0x00007ffc33d9a000 	C:\Program Files\Java\jdk-17\bin\jimage.dll
0x00007ffc362b0000 - 0x00007ffc364b1000 	C:\Windows\SYSTEM32\DBGHELP.DLL
0x00007ffc2e510000 - 0x00007ffc2e544000 	C:\Windows\SYSTEM32\dbgcore.DLL
0x00007ffc3b920000 - 0x00007ffc3b9a2000 	C:\Windows\System32\bcryptPrimitives.dll
0x00007ffc1cac0000 - 0x00007ffc1cae5000 	C:\Program Files\Java\jdk-17\bin\java.dll
0x00007ffc0a3a0000 - 0x00007ffc0a477000 	C:\Program Files\Java\jdk-17\bin\jsvml.dll
0x00007ffc3c420000 - 0x00007ffc3cb8e000 	C:\Windows\System32\SHELL32.dll
0x00007ffc364c0000 - 0x00007ffc36c64000 	C:\Windows\SYSTEM32\windows.storage.dll
0x00007ffc3d6b0000 - 0x00007ffc3da03000 	C:\Windows\System32\combase.dll
0x00007ffc3af30000 - 0x00007ffc3af5b000 	C:\Windows\SYSTEM32\Wldp.dll
0x00007ffc3dd80000 - 0x00007ffc3de4d000 	C:\Windows\System32\OLEAUT32.dll
0x00007ffc3cb90000 - 0x00007ffc3cc3d000 	C:\Windows\System32\SHCORE.dll
0x00007ffc3c3c0000 - 0x00007ffc3c41b000 	C:\Windows\System32\shlwapi.dll
0x00007ffc3b510000 - 0x00007ffc3b535000 	C:\Windows\SYSTEM32\profapi.dll
0x00007ffc2eb20000 - 0x00007ffc2eb39000 	C:\Program Files\Java\jdk-17\bin\net.dll
0x00007ffc30c60000 - 0x00007ffc30d6a000 	C:\Windows\SYSTEM32\WINHTTP.dll
0x00007ffc3ad10000 - 0x00007ffc3ad7a000 	C:\Windows\system32\mswsock.dll
0x00007ffc2d4e0000 - 0x00007ffc2d4f6000 	C:\Program Files\Java\jdk-17\bin\nio.dll
0x00007ffc2d4c0000 - 0x00007ffc2d4d8000 	C:\Program Files\Java\jdk-17\bin\zip.dll
0x00007ffc33240000 - 0x00007ffc33250000 	C:\Program Files\Java\jdk-17\bin\verify.dll

dbghelp: loaded successfully - version: 4.0.5 - missing functions: none
symbol engine: initialized successfully - sym options: 0x614 - pdb path: .;C:\Program Files\Java\jdk-17\bin;C:\Windows\SYSTEM32;C:\Windows\WinSxS\amd64_microsoft.windows.common-controls_6595b64144ccf1df_6.0.19041.5915_none_60b4b9d171f9c7c7;C:\Program Files\Java\jdk-17\bin\server

VM Arguments:
java_command: c:\Users\DELL\.vscode\extensions\salesforce.salesforce-vscode-slds-2.0.12\lsp-2.0.12-executable.jar --PORT=59179
java_class_path (initial): c:\Users\DELL\.vscode\extensions\salesforce.salesforce-vscode-slds-2.0.12\lsp-2.0.12-executable.jar
Launcher Type: SUN_STANDARD

[Global flags]
     intx CICompilerCount                          = 4                                         {product} {ergonomic}
     uint ConcGCThreads                            = 2                                         {product} {ergonomic}
     uint G1ConcRefinementThreads                  = 8                                         {product} {ergonomic}
   size_t G1HeapRegionSize                         = 2097152                                   {product} {ergonomic}
    uintx GCDrainStackTargetSize                   = 64                                        {product} {ergonomic}
   size_t InitialHeapSize                          = 266338304                                 {product} {ergonomic}
   size_t MarkStackSize                            = 4194304                                   {product} {ergonomic}
   size_t MaxHeapSize                              = 4259315712                                {product} {ergonomic}
   size_t MaxNewSize                               = 2554331136                                {product} {ergonomic}
   size_t MinHeapDeltaBytes                        = 2097152                                   {product} {ergonomic}
   size_t MinHeapSize                              = 8388608                                   {product} {ergonomic}
    uintx NonNMethodCodeHeapSize                   = 5839372                                {pd product} {ergonomic}
    uintx NonProfiledCodeHeapSize                  = 122909434                              {pd product} {ergonomic}
    uintx ProfiledCodeHeapSize                     = 122909434                              {pd product} {ergonomic}
    uintx ReservedCodeCacheSize                    = 251658240                              {pd product} {ergonomic}
     bool SegmentedCodeCache                       = true                                      {product} {ergonomic}
   size_t SoftMaxHeapSize                          = 4259315712                             {manageable} {ergonomic}
     bool UseCompressedClassPointers               = true                           {product lp64_product} {ergonomic}
     bool UseCompressedOops                        = true                           {product lp64_product} {ergonomic}
     bool UseG1GC                                  = true                                      {product} {ergonomic}
     bool UseLargePagesIndividualAllocation        = false                                  {pd product} {ergonomic}

Logging:
Log output configuration:
 #0: stdout all=warning uptime,level,tags
 #1: stderr all=off uptime,level,tags

Environment Variables:
JAVA_HOME=C:\Program Files\Microsoft\jdk-17.0.15.6-hotspot\
PATH=C:\Program Files\Microsoft\jdk-17.0.15.6-hotspot\bin;C:\Program Files\Common Files\Oracle\Java\javapath;C:\Windows\system32;C:\Windows;C:\Windows\System32\Wbem;C:\Windows\System32\WindowsPowerShell\v1.0\;C:\Windows\System32\OpenSSH\;C:\Program Files\Java\jdk-17\bin;C:\Program Files\Git\cmd;C:\Users\DELL\Downloads\apache-maven-3.9.9\bin;C:\Users\DELL\AppData\Roaming\npm;C:\ProgramData\chocolatey\bin;C:\Program Files\nodejs\;C:\Users\DELL\AppData\Local\Android\Sdk\platform-tools;C:\Users\DELL\AppData\Local\Microsoft\WindowsApps;C:\Users\DELL\AppData\Local\Programs\Microsoft VS Code\bin;C:\Program Files\sf\bin;C:\Users\DELL\AppData\Roaming\npm
USERNAME=DELL
OS=Windows_NT
PROCESSOR_IDENTIFIER=Intel64 Family 6 Model 142 Stepping 10, GenuineIntel



---------------  S Y S T E M  ---------------

OS:
 Windows 10 , 64 bit Build 19041 (10.0.19041.5915)
OS uptime: 2 days 22:17 hours
Hyper-V role detected

CPU: total 8 (initial active 8) (4 cores per cpu, 2 threads per core) family 6 model 142 stepping 10 microcode 0xf4, cx8, cmov, fxsr, ht, mmx, 3dnowpref, sse, sse2, sse3, ssse3, sse4.1, sse4.2, popcnt, lzcnt, tsc, tscinvbit, avx, avx2, aes, erms, clmul, bmi1, bmi2, adx, fma, vzeroupper, clflush, clflushopt, hv

Memory: 4k page, system-wide physical 16242M (3580M free)
TotalPageFile size 46683M (AvailPageFile size 16M)
current process WorkingSet (physical memory assigned to process): 81M, peak: 81M
current process commit charge ("private bytes"): 367M, peak: 368M

vm_info: Java HotSpot(TM) 64-Bit Server VM (17.0.12+8-LTS-286) for windows-amd64 JRE (17.0.12+8-LTS-286), built on Jun  5 2024 06:46:59 by "mach5one" with MS VC++ 17.6 (VS2022)

END.
